Using pre-set license
Built from '2020.3/staging' branch; Version is '2020.3.19f1 (68f137dc9bbe) revision 6877495'; Using compiler version '192528614'; Build Type 'Release'
OS: 'Windows 10 Enterprise 2015 LTSB; OS build 10240.19086; Version ; 64bit' Language: 'pt' Physical Memory: 4085 MB
BatchMode: 1, IsHumanControllingUs: 0, StartBugReporterOnCrash: 0, Is64bit: 1, IsPro: 0

COMMAND LINE ARGUMENTS:
C:\Program Files\Unity\Hub\Editor\2020.3.19f1\Editor\Unity.exe
-adb2
-batchMode
-noUpm
-name
AssetImportWorker2
-projectPath
E:/Fellipe L/Projetos/Projetos UNITY/LootBox
-logFile
Logs/AssetImportWorker2.log
-srvPort
58106
Successfully changed project path to: E:/Fellipe L/Projetos/Projetos UNITY/LootBox
E:/Fellipe L/Projetos/Projetos UNITY/LootBox
Using Asset Import Pipeline V2.
