Using pre-set license
Built from '2020.3/staging' branch; Version is '2020.3.19f1 (68f137dc9bbe) revision 6877495'; Using compiler version '192528614'; Build Type 'Release'
OS: 'Windows 10 Enterprise 2015 LTSB; OS build 10240.19086; Version ; 64bit' Language: 'pt' Physical Memory: 4085 MB
BatchMode: 1, IsHumanControllingUs: 0, StartBugReporterOnCrash: 0, Is64bit: 1, IsPro: 0

COMMAND LINE ARGUMENTS:
C:\Program Files\Unity\Hub\Editor\2020.3.19f1\Editor\Unity.exe
-adb2
-batchMode
-noUpm
-name
AssetImportWorker9
-projectPath
E:/Fellipe L/Projetos/Projetos UNITY/LootBox
-logFile
Logs/AssetImportWorker9.log
-srvPort
53118
Successfully changed project path to: E:/Fellipe L/Projetos/Projetos UNITY/LootBox
E:/Fellipe L/Projetos/Projetos UNITY/LootBox
Using Asset Import Pipeline V2.
Refreshing native plugins compatible for Editor in 85.11 ms, found 2 plugins.
Preloading 0 native plugins for Editor in 0.00 ms.
Initialize engine version: 2020.3.19f1 (68f137dc9bbe)
[Subsystems] Discovering subsystems at path C:/Program Files/Unity/Hub/Editor/2020.3.19f1/Editor/Data/Resources/UnitySubsystems
[Subsystems] Discovering subsystems at path E:/Fellipe L/Projetos/Projetos UNITY/LootBox/Assets
GfxDevice: creating device client; threaded=0
d3d11: QueryInterface(IDXGIFactory5) failed (80004002).
Direct3D:
    Version:  Direct3D 11.0 [level 11.1]
    Renderer: Microsoft Basic Render Driver (ID=0x8c)
    Vendor:   
    VRAM:     2042 MB
Initialize mono
Mono path[0] = 'C:/Program Files/Unity/Hub/Editor/2020.3.19f1/Editor/Data/Managed'
Mono path[1] = 'C:/Program Files/Unity/Hub/Editor/2020.3.19f1/Editor/Data/MonoBleedingEdge/lib/mono/unityjit'
Mono config path = 'C:/Program Files/Unity/Hub/Editor/2020.3.19f1/Editor/Data/MonoBleedingEdge/etc'
Using monoOptions --debugger-agent=transport=dt_socket,embedding=1,server=y,suspend=n,address=127.0.0.1:56896
Begin MonoManager ReloadAssembly
Registering precompiled unity dll's ...
Register platform support module: C:/Program Files/Unity/Hub/Editor/2020.3.19f1/Editor/Data/PlaybackEngines/WindowsStandaloneSupport/UnityEditor.WindowsStandalone.Extensions.dll
Registered in 0.002769 seconds.
Native extension for WindowsStandalone target not found
Refreshing native plugins compatible for Editor in 69.97 ms, found 2 plugins.
Preloading 0 native plugins for Editor in 0.00 ms.
Mono: successfully reloaded assembly
- Completed reload, in  3.528 seconds
Domain Reload Profiling:
	ReloadAssembly (3528ms)
		BeginReloadAssembly (106ms)
			ExecutionOrderSort (0ms)
			DisableScriptedObjects (0ms)
			BackupInstance (0ms)
			ReleaseScriptingObjects (0ms)
			CreateAndSetChildDomain (1ms)
		EndReloadAssembly (761ms)
			LoadAssemblies (102ms)
			RebuildTransferFunctionScriptingTraits (0ms)
			SetupTypeCache (298ms)
			ReleaseScriptCaches (0ms)
			RebuildScriptCaches (59ms)
			SetupLoadedEditorAssemblies (295ms)
				LogAssemblyErrors (0ms)
				InitializePlatformSupportModulesInManaged (6ms)
				SetLoadedEditorAssemblies (0ms)
				RefreshPlugins (70ms)
				BeforeProcessingInitializeOnLoad (23ms)
				ProcessInitializeOnLoadAttributes (144ms)
				ProcessInitializeOnLoadMethodAttributes (51ms)
				AfterProcessingInitializeOnLoad (0ms)
				EditorAssembliesLoaded (0ms)
			ExecutionOrderSort2 (0ms)
			AwakeInstancesAfterBackupRestoration (0ms)
Platform modules already initialized, skipping
Registering precompiled user dll's ...
Registered in 0.004253 seconds.
Begin MonoManager ReloadAssembly
Native extension for WindowsStandalone target not found
Refreshing native plugins compatible for Editor in 0.85 ms, found 2 plugins.
Preloading 0 native plugins for Editor in 0.00 ms.
Mono: successfully reloaded assembly
- Completed reload, in  3.313 seconds
Domain Reload Profiling:
	ReloadAssembly (3327ms)
		BeginReloadAssembly (420ms)
			ExecutionOrderSort (9ms)
			DisableScriptedObjects (9ms)
			BackupInstance (0ms)
			ReleaseScriptingObjects (0ms)
			CreateAndSetChildDomain (75ms)
		EndReloadAssembly (2742ms)
			LoadAssemblies (583ms)
			RebuildTransferFunctionScriptingTraits (0ms)
			SetupTypeCache (919ms)
			ReleaseScriptCaches (16ms)
			RebuildScriptCaches (94ms)
			SetupLoadedEditorAssemblies (909ms)
				LogAssemblyErrors (0ms)
				InitializePlatformSupportModulesInManaged (12ms)
				SetLoadedEditorAssemblies (1ms)
				RefreshPlugins (1ms)
				BeforeProcessingInitializeOnLoad (149ms)
				ProcessInitializeOnLoadAttributes (676ms)
				ProcessInitializeOnLoadMethodAttributes (8ms)
				AfterProcessingInitializeOnLoad (62ms)
				EditorAssembliesLoaded (0ms)
			ExecutionOrderSort2 (0ms)
			AwakeInstancesAfterBackupRestoration (28ms)
Platform modules already initialized, skipping
========================================================================
Worker process is ready to serve import requests
Launched and connected shader compiler UnityShaderCompiler.exe after 0.44 seconds
Refreshing native plugins compatible for Editor in 1.38 ms, found 2 plugins.
Preloading 0 native plugins for Editor in 0.00 ms.
Unloading 1452 Unused Serialized files (Serialized files now loaded: 0)
System memory in use before: 161.6 MB.
System memory in use after: 161.7 MB.

Unloading 15 unused Assets to reduce memory usage. Loaded Objects now: 1917.
Total: 86.539881 ms (FindLiveObjects: 0.660311 ms CreateObjectMapping: 0.108127 ms MarkObjects: 85.682562 ms  DeleteObjects: 0.083282 ms)

AssetImportParameters requested are different than current active one (requested -> active):
  custom:framework-win-MediaFoundation: 216162199b28c13a410421893ffa2e32 -> 
  custom:video-decoder-ogg-theora: a1e56fd34408186e4bbccfd4996cb3dc -> 
  custom:container-muxer-webm: aa71ff27fc2769a1b78a27578f13a17b -> 
  custom:container-demuxer-webm: 4f35f7cbe854078d1ac9338744f61a02 -> 
  custom:container-demuxer-ogg: 62fdf1f143b41e24485cea50d1cbac27 -> 
  custom:video-encoder-webm-vp8: eb34c28f22e8b96e1ab97ce403110664 -> 
  custom:video-codec-MediaFoundation-h265: 55f8c8538cf0483ab7069ead6b737db2 -> 
  custom:video-decoder-webm-vp8: 9c59270c3fd7afecdb556c50c9e8de78 -> 
  custom:audio-decoder-ogg-vorbis: bf7c407c2cedff20999df2af8eb42d56 -> 
  custom:audio-encoder-webm-vorbis: bf7c407c2cedff20999df2af8eb42d56 -> 
========================================================================
Received Import Request.
  path: Assets/Scriptables/010 - Caterpie.asset
  artifactKey: Guid(1b49b2c79670b1d4987be9de2300b3ed) Importer(815301076,1909f56bfc062723c751e8b465ee728b)
Start importing Assets/Scriptables/010 - Caterpie.asset using Guid(1b49b2c79670b1d4987be9de2300b3ed) Importer(815301076,1909f56bfc062723c751e8b465ee728b)  -> (artifact id: '7b2ccc3bdebfa2d7b45c254b4ff61b45') in 0.612386 seconds 
  Import took 0.677972 seconds .

========================================================================
Received Import Request.
  Time since last request: 0.000883 seconds.
  path: Assets/Scriptables/016 - Pidgey.asset
  artifactKey: Guid(cbec3df54a8ed284ba2bb78b219be8a7) Importer(815301076,1909f56bfc062723c751e8b465ee728b)
Start importing Assets/Scriptables/016 - Pidgey.asset using Guid(cbec3df54a8ed284ba2bb78b219be8a7) Importer(815301076,1909f56bfc062723c751e8b465ee728b)  -> (artifact id: 'c7f804efbff842487f467396ab628a3c') in 0.277589 seconds 
  Import took 0.396418 seconds .

========================================================================
Received Import Request.
  Time since last request: 0.000695 seconds.
  path: Assets/Script/LootScriptable.cs
  artifactKey: Guid(a4dc96df882c3554d8b7fde3aa824bd7) Importer(815301076,1909f56bfc062723c751e8b465ee728b)
Start importing Assets/Script/LootScriptable.cs using Guid(a4dc96df882c3554d8b7fde3aa824bd7) Importer(815301076,1909f56bfc062723c751e8b465ee728b)  -> (artifact id: '7ea6ad048768a2dc8bd08d8dfae07b3e') in 0.153069 seconds 
  Import took 0.226876 seconds .

========================================================================
Received Import Request.
  Time since last request: 0.002327 seconds.
  path: Assets/Scriptables/008 - Wartortle.asset
  artifactKey: Guid(a9b10d216b1db8a4aac69f306f82fc34) Importer(815301076,1909f56bfc062723c751e8b465ee728b)
Start importing Assets/Scriptables/008 - Wartortle.asset using Guid(a9b10d216b1db8a4aac69f306f82fc34) Importer(815301076,1909f56bfc062723c751e8b465ee728b)  -> (artifact id: '4f14d58d73ca79e6907efd10d23a8a3d') in 0.429597 seconds 
  Import took 0.869089 seconds .

========================================================================
Received Import Request.
  Time since last request: 0.002320 seconds.
  path: Assets/Scriptables/005 - Charmeleon.asset
  artifactKey: Guid(677635b61fd12e44a98038b27ab8dec7) Importer(815301076,1909f56bfc062723c751e8b465ee728b)
Start importing Assets/Scriptables/005 - Charmeleon.asset using Guid(677635b61fd12e44a98038b27ab8dec7) Importer(815301076,1909f56bfc062723c751e8b465ee728b)  -> (artifact id: 'e889bab06998e2bf835ca07bbd5c03b8') in 0.342061 seconds 
  Import took 0.369490 seconds .

========================================================================
Received Import Request.
  Time since last request: 0.000781 seconds.
  path: Assets/Scriptables/001 - Bulbasaur.asset
  artifactKey: Guid(5750704e6478d7e47b442bb2a27d3296) Importer(815301076,1909f56bfc062723c751e8b465ee728b)
Start importing Assets/Scriptables/001 - Bulbasaur.asset using Guid(5750704e6478d7e47b442bb2a27d3296) Importer(815301076,1909f56bfc062723c751e8b465ee728b)  -> (artifact id: 'c62cd9515e925432e7446917f81482fe') in 0.608926 seconds 
  Import took 0.631790 seconds .

========================================================================
Received Import Request.
  Time since last request: 0.000157 seconds.
  path: Assets/Scriptables/014 - Kakuna.asset
  artifactKey: Guid(bd5d9d7fcf8f76a4da2ae816ece10391) Importer(815301076,1909f56bfc062723c751e8b465ee728b)
Start importing Assets/Scriptables/014 - Kakuna.asset using Guid(bd5d9d7fcf8f76a4da2ae816ece10391) Importer(815301076,1909f56bfc062723c751e8b465ee728b)  -> (artifact id: '52f33639858a92e69222785a2740d1f1') in 0.487845 seconds 
  Import took 0.510306 seconds .

========================================================================
Received Import Request.
  Time since last request: 0.000652 seconds.
  path: Assets/Scriptables/011 - Metapod.asset
  artifactKey: Guid(f004c43586cc0fe44933d6b18a3ace46) Importer(815301076,1909f56bfc062723c751e8b465ee728b)
Start importing Assets/Scriptables/011 - Metapod.asset using Guid(f004c43586cc0fe44933d6b18a3ace46) Importer(815301076,1909f56bfc062723c751e8b465ee728b)  -> (artifact id: '263dda4af45572e2aec3c582a1a9e407') in 0.022709 seconds 
  Import took 0.037834 seconds .

========================================================================
Received Import Request.
  Time since last request: 0.000437 seconds.
  path: Assets/Scriptables/007 - Squirtle.asset
  artifactKey: Guid(9bd28cfa2bf167d49a0edca46205b136) Importer(815301076,1909f56bfc062723c751e8b465ee728b)
Start importing Assets/Scriptables/007 - Squirtle.asset using Guid(9bd28cfa2bf167d49a0edca46205b136) Importer(815301076,1909f56bfc062723c751e8b465ee728b)  -> (artifact id: 'fbfa5920a639af0f763dd31ce638411f') in 0.045345 seconds 
  Import took 0.073983 seconds .

========================================================================
Received Import Request.
  Time since last request: 0.000133 seconds.
  path: Assets/Scriptables/013 - Weedle.asset
  artifactKey: Guid(c1f96a10a510c8940a9b14cbf0230e12) Importer(815301076,1909f56bfc062723c751e8b465ee728b)
Start importing Assets/Scriptables/013 - Weedle.asset using Guid(c1f96a10a510c8940a9b14cbf0230e12) Importer(815301076,1909f56bfc062723c751e8b465ee728b)  -> (artifact id: '82c4bcca9b334f21d150f4eacad107b1') in 0.217932 seconds 
  Import took 0.223968 seconds .

========================================================================
Received Import Request.
  Time since last request: 0.000452 seconds.
  path: Assets/Scriptables/004 - Charmander.asset
  artifactKey: Guid(2f5f6de0e928da24b8a6d7e08f8363e8) Importer(815301076,1909f56bfc062723c751e8b465ee728b)
Start importing Assets/Scriptables/004 - Charmander.asset using Guid(2f5f6de0e928da24b8a6d7e08f8363e8) Importer(815301076,1909f56bfc062723c751e8b465ee728b)  -> (artifact id: '514dfa8d5da6dae511085ba986559dd9') in 0.292442 seconds 
  Import took 0.296911 seconds .

========================================================================
Received Import Request.
  Time since last request: 0.000444 seconds.
  path: Assets/Scriptables/002 - Ivysaur.asset
  artifactKey: Guid(ebc30a20eadcd4e4b94664f151a9bd95) Importer(815301076,1909f56bfc062723c751e8b465ee728b)
Start importing Assets/Scriptables/002 - Ivysaur.asset using Guid(ebc30a20eadcd4e4b94664f151a9bd95) Importer(815301076,1909f56bfc062723c751e8b465ee728b)  -> (artifact id: '708befbf6d4ab6c66d079aff995cf3e3') in 0.011755 seconds 
  Import took 0.016082 seconds .

========================================================================
Received Import Request.
  Time since last request: 0.000451 seconds.
  path: Assets/Scriptables/017 - Pidgeotto.asset
  artifactKey: Guid(a6576ed61ddfb2a4d94e29c839b49970) Importer(815301076,1909f56bfc062723c751e8b465ee728b)
Start importing Assets/Scriptables/017 - Pidgeotto.asset using Guid(a6576ed61ddfb2a4d94e29c839b49970) Importer(815301076,1909f56bfc062723c751e8b465ee728b)  -> (artifact id: 'e76a65427ae1a49cf1250d35e0120bd2') in 0.319162 seconds 
  Import took 0.323932 seconds .

========================================================================
Received Import Request.
  Time since last request: 0.000451 seconds.
  path: Assets/Scriptables/019 - Rattata Alolan.asset
  artifactKey: Guid(034f39557ebf8554692859ec26d28f97) Importer(815301076,1909f56bfc062723c751e8b465ee728b)
Start importing Assets/Scriptables/019 - Rattata Alolan.asset using Guid(034f39557ebf8554692859ec26d28f97) Importer(815301076,1909f56bfc062723c751e8b465ee728b)  -> (artifact id: '39dacb60f364f673413692e4ddb99721') in 0.386890 seconds 
  Import took 0.415548 seconds .

========================================================================
Received Import Request.
  Time since last request: 268.178429 seconds.
  path: Assets/Script/Manager/ExpLevelManager.cs
  artifactKey: Guid(70640f4c9f7f88b4f8aa597ad603a91b) Importer(815301076,1909f56bfc062723c751e8b465ee728b)
Start importing Assets/Script/Manager/ExpLevelManager.cs using Guid(70640f4c9f7f88b4f8aa597ad603a91b) Importer(815301076,1909f56bfc062723c751e8b465ee728b)  -> (artifact id: '8caa9aaf4d6f2b10ac0706214d05dbc5') in 0.017091 seconds 
  Import took 0.285393 seconds .

========================================================================
Received Prepare
Registering precompiled user dll's ...
Registered in 0.004873 seconds.
Begin MonoManager ReloadAssembly
Native extension for WindowsStandalone target not found
Refreshing native plugins compatible for Editor in 0.85 ms, found 2 plugins.
Preloading 0 native plugins for Editor in 0.00 ms.
Mono: successfully reloaded assembly
- Completed reload, in  3.750 seconds
Domain Reload Profiling:
	ReloadAssembly (3752ms)
		BeginReloadAssembly (606ms)
			ExecutionOrderSort (4ms)
			DisableScriptedObjects (25ms)
			BackupInstance (0ms)
			ReleaseScriptingObjects (10ms)
			CreateAndSetChildDomain (191ms)
		EndReloadAssembly (2815ms)
			LoadAssemblies (533ms)
			RebuildTransferFunctionScriptingTraits (0ms)
			SetupTypeCache (1052ms)
			ReleaseScriptCaches (2ms)
			RebuildScriptCaches (247ms)
			SetupLoadedEditorAssemblies (814ms)
				LogAssemblyErrors (0ms)
				InitializePlatformSupportModulesInManaged (11ms)
				SetLoadedEditorAssemblies (1ms)
				RefreshPlugins (1ms)
				BeforeProcessingInitializeOnLoad (170ms)
				ProcessInitializeOnLoadAttributes (609ms)
				ProcessInitializeOnLoadMethodAttributes (12ms)
				AfterProcessingInitializeOnLoad (10ms)
				EditorAssembliesLoaded (0ms)
			ExecutionOrderSort2 (0ms)
			AwakeInstancesAfterBackupRestoration (13ms)
Platform modules already initialized, skipping
Refreshing native plugins compatible for Editor in 1.12 ms, found 2 plugins.
Preloading 0 native plugins for Editor in 0.00 ms.
Unloading 1433 Unused Serialized files (Serialized files now loaded: 0)
System memory in use before: 160.2 MB.
System memory in use after: 160.3 MB.

Unloading 11 unused Assets to reduce memory usage. Loaded Objects now: 1919.
Total: 8.830736 ms (FindLiveObjects: 0.472400 ms CreateObjectMapping: 0.163416 ms MarkObjects: 8.141381 ms  DeleteObjects: 0.048990 ms)

AssetImportParameters requested are different than current active one (requested -> active):
  custom:framework-win-MediaFoundation: 216162199b28c13a410421893ffa2e32 -> 
  custom:video-decoder-ogg-theora: a1e56fd34408186e4bbccfd4996cb3dc -> 
  custom:container-muxer-webm: aa71ff27fc2769a1b78a27578f13a17b -> 
  custom:container-demuxer-webm: 4f35f7cbe854078d1ac9338744f61a02 -> 
  custom:container-demuxer-ogg: 62fdf1f143b41e24485cea50d1cbac27 -> 
  custom:video-encoder-webm-vp8: eb34c28f22e8b96e1ab97ce403110664 -> 
  custom:video-codec-MediaFoundation-h265: 55f8c8538cf0483ab7069ead6b737db2 -> 
  custom:video-decoder-webm-vp8: 9c59270c3fd7afecdb556c50c9e8de78 -> 
  custom:audio-decoder-ogg-vorbis: bf7c407c2cedff20999df2af8eb42d56 -> 
  custom:audio-encoder-webm-vorbis: bf7c407c2cedff20999df2af8eb42d56 -> 
========================================================================
Received Prepare
Registering precompiled user dll's ...
Registered in 0.005115 seconds.
Begin MonoManager ReloadAssembly
Native extension for WindowsStandalone target not found
Refreshing native plugins compatible for Editor in 0.97 ms, found 2 plugins.
Preloading 0 native plugins for Editor in 0.00 ms.
Mono: successfully reloaded assembly
- Completed reload, in  3.784 seconds
Domain Reload Profiling:
	ReloadAssembly (3788ms)
		BeginReloadAssembly (468ms)
			ExecutionOrderSort (0ms)
			DisableScriptedObjects (81ms)
			BackupInstance (0ms)
			ReleaseScriptingObjects (0ms)
			CreateAndSetChildDomain (119ms)
		EndReloadAssembly (3193ms)
			LoadAssemblies (218ms)
			RebuildTransferFunctionScriptingTraits (0ms)
			SetupTypeCache (1518ms)
			ReleaseScriptCaches (2ms)
			RebuildScriptCaches (292ms)
			SetupLoadedEditorAssemblies (756ms)
				LogAssemblyErrors (0ms)
				InitializePlatformSupportModulesInManaged (9ms)
				SetLoadedEditorAssemblies (1ms)
				RefreshPlugins (1ms)
				BeforeProcessingInitializeOnLoad (132ms)
				ProcessInitializeOnLoadAttributes (595ms)
				ProcessInitializeOnLoadMethodAttributes (9ms)
				AfterProcessingInitializeOnLoad (10ms)
				EditorAssembliesLoaded (0ms)
			ExecutionOrderSort2 (0ms)
			AwakeInstancesAfterBackupRestoration (12ms)
Platform modules already initialized, skipping
Refreshing native plugins compatible for Editor in 0.79 ms, found 2 plugins.
Preloading 0 native plugins for Editor in 0.00 ms.
Unloading 1433 Unused Serialized files (Serialized files now loaded: 0)
System memory in use before: 160.3 MB.
System memory in use after: 160.4 MB.

Unloading 11 unused Assets to reduce memory usage. Loaded Objects now: 1921.
Total: 5.640109 ms (FindLiveObjects: 0.617270 ms CreateObjectMapping: 0.086782 ms MarkObjects: 4.895816 ms  DeleteObjects: 0.037442 ms)

AssetImportParameters requested are different than current active one (requested -> active):
  custom:framework-win-MediaFoundation: 216162199b28c13a410421893ffa2e32 -> 
  custom:video-decoder-ogg-theora: a1e56fd34408186e4bbccfd4996cb3dc -> 
  custom:container-muxer-webm: aa71ff27fc2769a1b78a27578f13a17b -> 
  custom:container-demuxer-webm: 4f35f7cbe854078d1ac9338744f61a02 -> 
  custom:container-demuxer-ogg: 62fdf1f143b41e24485cea50d1cbac27 -> 
  custom:video-encoder-webm-vp8: eb34c28f22e8b96e1ab97ce403110664 -> 
  custom:video-codec-MediaFoundation-h265: 55f8c8538cf0483ab7069ead6b737db2 -> 
  custom:video-decoder-webm-vp8: 9c59270c3fd7afecdb556c50c9e8de78 -> 
  custom:audio-decoder-ogg-vorbis: bf7c407c2cedff20999df2af8eb42d56 -> 
  custom:audio-encoder-webm-vorbis: bf7c407c2cedff20999df2af8eb42d56 -> 
